[06/26/2022 04:07:41] admin submitted b'sadsad' on 1 with kpm 0 [CORRECT]
[06/27/2022 15:54:59] admin submitted b'asdas' on 2 with kpm 0 [WRONG]
[06/27/2022 16:15:30] admin submitted b'abc' on 1 with kpm 0 [ALREADY SOLVED]
[06/27/2022 16:32:38] admin submitted b'abc' on 1 with kpm 0 [ALREADY SOLVED]
[06/27/2022 16:32:43] admin submitted b'abc' on 1 with kpm 0 [ALREADY SOLVED]
[06/27/2022 16:35:14] admin submitted b'abc' on 1 with kpm 0 [ALREADY SOLVED]
[06/28/2022 03:48:19] admin submitted b'abc' on 1 with kpm 0 [ALREADY SOLVED]
[06/28/2022 10:24:44] admin submitted b'abc' on 1 with kpm 0 [ALREADY SOLVED]
[06/28/2022 10:26:19] admin submitted b'abc' on 1 with kpm 0 [ALREADY SOLVED]
[06/28/2022 10:26:24] admin submitted b'abc' on 2 with kpm 0 [CORRECT]
[06/28/2022 10:28:02] admin submitted b'a' on 6 with kpm 0 [WRONG]
[06/28/2022 10:44:47] admin submitted b'a' on 6 with kpm 0 [WRONG]
[06/28/2022 10:49:57] admin submitted b'abc' on 1 with kpm 0 [ALREADY SOLVED]
[06/28/2022 10:53:36] admin submitted b'a' on 6 with kpm 0 [WRONG]
[06/28/2022 10:53:42] admin submitted b'a' on 6 with kpm 1 [WRONG]
[06/28/2022 10:53:47] admin submitted b'a' on 6 with kpm 2 [WRONG]
[06/28/2022 10:53:51] admin submitted b'a' on 6 with kpm 3 [WRONG]
[06/28/2022 10:53:55] admin submitted b'a' on 6 with kpm 4 [WRONG]
[06/28/2022 10:55:14] admin submitted b'a' on 6 with kpm 0 [WRONG]
[06/28/2022 10:55:18] admin submitted b'a' on 6 with kpm 1 [WRONG]
[06/28/2022 10:55:29] admin submitted b'a' on 6 with kpm 2 [WRONG]
[06/28/2022 10:55:33] admin submitted b'a' on 6 with kpm 3 [WRONG]
[06/28/2022 10:55:37] admin submitted b'a' on 6 with kpm 4 [WRONG]
[06/28/2022 10:56:43] admin submitted b'' on 6 with kpm 0 [WRONG]
[06/28/2022 10:56:47] admin submitted b'' on 6 with kpm 1 [WRONG]
[06/29/2022 10:19:32] admin submitted b'abc' on 10 with kpm 0 [WRONG]
[06/29/2022 10:19:45] admin submitted b'abc' on 10 with kpm 1 [WRONG]
[06/29/2022 16:51:47] admin submitted b'a' on 6 with kpm 0 [WRONG]
[06/29/2022 16:51:51] admin submitted b'a' on 6 with kpm 1 [WRONG]
[06/29/2022 17:06:37] admin submitted b'a' on 6 with kpm 0 [WRONG]
[06/29/2022 17:13:33] admin submitted b'a' on 6 with kpm 0 [WRONG]
[06/29/2022 17:13:40] admin submitted b'222' on 6 with kpm 1 [CORRECT]
[06/29/2022 17:13:46] admin submitted b'111' on 6 with kpm 1 [ALREADY SOLVED]
[06/29/2022 17:13:59] admin submitted b'333' on 6 with kpm 1 [ALREADY SOLVED]
[06/29/2022 17:15:14] admin submitted b'222' on 6 with kpm 0 [ALREADY SOLVED]
[06/30/2022 08:14:09] aa submitted b'11' on 6 with kpm 0 [WRONG]
[06/30/2022 08:14:13] aa submitted b'33' on 6 with kpm 1 [WRONG]
[06/30/2022 08:14:22] aa submitted b'22' on 6 with kpm 2 [WRONG]
[06/30/2022 08:14:34] aa submitted b'111' on 6 with kpm 3 [WRONG]
[06/30/2022 08:14:38] aa submitted b'333' on 6 with kpm 4 [WRONG]
[06/30/2022 08:14:43] aa submitted b'222' on 6 with kpm 5 [CORRECT]
[07/02/2022 03:24:43] admin submitted b'47d6f5e68ffdb12c644f8f070bc7cfacdeb6898e' on 6 with kpm 0 [ALREADY SOLVED]
[07/02/2022 03:26:15] admin submitted b'asad' on 14 with kpm 0 [WRONG]
[07/02/2022 03:26:38] admin submitted b'1156b827d50552638cf912e778d26f04ff3253cc' on 14 with kpm 1 [WRONG]
[07/02/2022 03:26:47] admin submitted b'415a23f8401b0ed704fd965f2adb5c62ee2f6bd2' on 14 with kpm 2 [WRONG]
[07/02/2022 03:26:55] admin submitted b'bca398ed839396dd0171f5b14d637b5474d29d08' on 14 with kpm 3 [CORRECT]
[07/02/2022 03:27:31] aa submitted b'bca398ed839396dd0171f5b14d637b5474d29d08' on 14 with kpm 0 [WRONG]
[07/02/2022 03:27:39] aa submitted b'415a23f8401b0ed704fd965f2adb5c62ee2f6bd2' on 14 with kpm 1 [WRONG]
[07/02/2022 03:27:48] aa submitted b'1156b827d50552638cf912e778d26f04ff3253cc' on 14 with kpm 2 [CORRECT]
[07/06/2022 02:28:27] admin submitted b'a' on 6 with kpm 0 [ALREADY SOLVED]
[07/06/2022 02:28:41] admin submitted b'a' on 6 with kpm 0 [ALREADY SOLVED]
[07/06/2022 03:36:08] admin submitted b'a' on 6 with kpm 0 [ALREADY SOLVED]
[07/06/2022 15:31:51] admin submitted b'Flag{sadsadasdsad}' on 10 with kpm 0 [CORRECT]
[07/06/2022 15:33:01] admin submitted b'Flag{sadsadasdsad}' on 10 with kpm 0 [ALREADY SOLVED]
[07/06/2022 15:38:13] admin submitted b'aa' on 15 with kpm 0 [WRONG]
[07/06/2022 15:38:37] admin submitted b'flag{4774ck1n9_5q1_w17h0u7_1nj3c710n_15_4m421n9_:)}' on 15 with kpm 1 [CORRECT]
[07/07/2022 02:57:00] admin submitted b'Flag{dasd123123sad}' on 17 with kpm 0 [CORRECT]
[07/07/2022 03:01:14] admin submitted b'Flag{zxczxssda}' on 18 with kpm 0 [CORRECT]
[07/07/2022 05:14:22] admin submitted b'Flag{2Zhj62hjKkn1Laeow}' on 19 with kpm 0 [CORRECT]
[07/07/2022 05:54:25] aa submitted b'Flag{2Zhj62hjKkn1Laeow}' on 19 with kpm 0 [CORRECT]
[07/07/2022 05:55:47] aa submitted b'Flag{2Zhj62hjKkn1Laeow}' on 19 with kpm 0 [ALREADY SOLVED]
[07/07/2022 05:56:57] sad submitted b'Flag{2Zhj62hjKkn1Laeow}' on 19 with kpm 0 [CORRECT]
[07/07/2022 06:01:01] bb submitted b'Flag{2Zhj62hjKkn1Laeow}' on 19 with kpm 0 [CORRECT]
[07/07/2022 09:31:42] admin submitted b'Flag{2Zhj62hjKkn1Laeow}' on 20 with kpm 0 [CORRECT]
[07/07/2022 09:36:38] aa submitted b' \t  Flag{OU0YtjYVJzFietxd75H5G2U03VV}' on 20 with kpm 0 [CORRECT]
[07/07/2022 09:37:09] aa submitted b' \t  Flag{OU0YtjYVJzFietxd75H5G2U03VV}' on 20 with kpm 0 [ALREADY SOLVED]
[07/07/2022 09:38:32] sad submitted b'Flag{OU0YtjYVJzFietxd75H5G2U03VV}' on 20 with kpm 0 [CORRECT]
[07/07/2022 09:42:52] bb submitted b'Flag{OU0YtjYVJzFietxd75H5G2U03VV}' on 20 with kpm 0 [CORRECT]
[07/07/2022 09:52:23] cc submitted b'Flag{MPATpHJOh6DF2dLAsmp0kdTkW4n9GzY6}' on 20 with kpm 0 [CORRECT]
[07/07/2022 10:12:48] admin submitted b'Flag{MPATpHJOh6DF2dLAsmp0kdTkW4n9GzY6}' on 21 with kpm 0 [CORRECT]
[07/07/2022 10:41:01] aa submitted b'Flag{MPATpHJOh6DF2dLAsmp0kdTkW4n9GzY6} ' on 21 with kpm 0 [CORRECT]
[07/07/2022 10:58:31] bb submitted b'Flag{MPATpHJOh6DF2dLAsmp0kdTkW4n9GzY6} ' on 21 with kpm 0 [CORRECT]
[07/12/2022 07:53:41] test submitted b'Flag{RcWTuMyBKtYV4IyoHPOEt9AO5Kf}' on 21 with kpm 0 [CORRECT]
[07/18/2022 08:08:16] admin submitted b'Flag{0r0n3Equ4l0n3!}' on 22 with kpm 0 [CORRECT]
[07/18/2022 08:10:25] aa submitted b'Flag{0r0n3Equ4l0n3!}' on 22 with kpm 0 [CORRECT]
[07/19/2022 03:37:44] admin submitted b'Flag{Brut3Th3W0rld!}' on 24 with kpm 0 [CORRECT]
[07/19/2022 04:17:47] aa submitted b'Flag{F43rtgB8ghqZV0D5rqVubCDFRsa}' on 24 with kpm 0 [CORRECT]
[07/19/2022 09:23:32] admin submitted b'Flag{i_am_r34dy_t0_esc4p3_th3_d0ck3r!sadsa}' on 25 with kpm 0 [CORRECT]
[07/19/2022 09:32:03] aa submitted b'Flag{6soubOt0DVTiephH3eMB00BtRlBlydz9}' on 25 with kpm 0 [CORRECT]
[07/19/2022 09:46:31] bb submitted b'Flag{Po3YQmHJ7gHA4YAArTQbn}' on 25 with kpm 0 [CORRECT]
[07/19/2022 09:51:58] test submitted b'Flag{atSFhI7KDwYrVW3FhfFlNLKjtQtCMAmu9OVK}' on 25 with kpm 0 [CORRECT]
[07/19/2022 09:56:26] sad submitted b'Flag{kmoJO7RdMbx3DGFh77pNxI}' on 25 with kpm 0 [CORRECT]
[07/19/2022 10:06:47] admin submitted b'Flag{hut6kopSpHQLHwE2nJpYccuLTn}' on 26 with kpm 0 [CORRECT]
[07/19/2022 10:09:47] bb submitted b'Flag{2M3g4vZ305S2x4lZ1Hg2GGn}' on 26 with kpm 0 [CORRECT]
[07/23/2022 10:15:46] admin submitted b'Flag{HandleLoganNepenthes415}' on 27 with kpm 0 [CORRECT]
